#
# There is insufficient memory for the Java Runtime Environment to continue.
# Native memory allocation (mmap) failed to map 266338304 bytes for Failed to commit area from 0x0000000703600000 to 0x0000000713400000 of length 266338304.
# Possible reasons:
#   The system is out of physical RAM or swap space
#   The process is running with CompressedOops enabled, and the Java Heap may be blocking the growth of the native heap
# Possible solutions:
#   Reduce memory load on the system
#   Increase physical memory or swap space
#   Check if swap backing store is full
#   Decrease Java heap size (-Xmx/-Xms)
#   Decrease number of Java threads
#   Decrease Java thread stack sizes (-Xss)
#   Set larger code cache with -XX:ReservedCodeCacheSize=
# This output file may be truncated or incomplete.
#
#  Out of Memory Error (./src/hotspot/os/windows/os_windows.cpp:3619), pid=6040, tid=14956
#
# JRE version:  (11.0.13) (build )
# Java VM: OpenJDK 64-Bit Server VM (11.0.13+0-b1751.21-8125866, mixed mode, sharing, tiered, compressed oops, g1 gc, windows-amd64)
# No core dump will be written. Minidumps are not enabled by default on client versions of Windows
#

---------------  S U M M A R Y ------------

Command Line: git4idea.http.GitAskPassApp Username for 'https://github.com': 

Host: 11th Gen Intel(R) Core(TM) i5-11400H @ 2.70GHz, 12 cores, 15G,  Windows 10 , 64 bit Build 19041 (10.0.19041.2251)
Time: Mon Nov 28 21:16:44 2022 Hora estándar romance elapsed time: 0.007941 seconds (0d 0h 0m 0s)

---------------  T H R E A D  ---------------

Current thread (0x000002162864d000):  JavaThread "Unknown thread" [_thread_in_vm, id=14956, stack(0x0000009bba300000,0x0000009bba400000)]

Stack: [0x0000009bba300000,0x0000009bba400000]
Native frames: (J=compiled Java code, j=interpreted, Vv=VM code, C=native code)
V  [jvm.dll+0x6100fa]
V  [jvm.dll+0x747090]
V  [jvm.dll+0x7486ad]
V  [jvm.dll+0x748d83]
V  [jvm.dll+0x24ab48]
V  [jvm.dll+0x60d164]
V  [jvm.dll+0x601e75]
V  [jvm.dll+0x308bdb]
V  [jvm.dll+0x308b4a]
V  [jvm.dll+0x308a22]
V  [jvm.dll+0x30d986]
V  [jvm.dll+0x357093]
V  [jvm.dll+0x357796]
V  [jvm.dll+0x357193]
V  [jvm.dll+0x2e3448]
V  [jvm.dll+0x2e45f7]
V  [jvm.dll+0x7242e7]
V  [jvm.dll+0x725adc]
V  [jvm.dll+0x364629]
V  [jvm.dll+0x707cee]
V  [jvm.dll+0x3d2633]
V  [jvm.dll+0x3d4a21]
C  [jli.dll+0x536b]
C  [ucrtbase.dll+0x21bb2]
C  [KERNEL32.DLL+0x174b4]
C  [ntdll.dll+0x526a1]


---------------  P R O C E S S  ---------------

Threads class SMR info:
_java_thread_list=0x0000021628573570, length=0, elements={
}

Java Threads: ( => current thread )

Other Threads:
  0x000002162a814800 GCTaskThread "GC Thread#0" [stack: 0x0000009bba400000,0x0000009bba500000] [id=5452]
  0x000002162a872000 ConcurrentGCThread "G1 Main Marker" [stack: 0x0000009bba500000,0x0000009bba600000] [id=2764]
  0x000002162a874800 ConcurrentGCThread "G1 Conc#0" [stack: 0x0000009bba600000,0x0000009bba700000] [id=11820]

[error occurred during error reporting (printing all threads), id 0xc0000005, EXCEPTION_ACCESS_VIOLATION (0xc0000005) at pc=0x00007ff938fb3dd7]

VM state:not at safepoint (not fully initialized)

VM Mutex/Monitor currently owned by a thread:  ([mutex/lock_event])
[0x000002162a7fe540] Heap_lock - owner thread: 0x000002162864d000

Heap address: 0x0000000703600000, size: 4042 MB, Compressed Oops mode: Non-zero based: 0x0000000703600000
Narrow klass base: 0x0000000000000000, Narrow klass shift: 0

GC Heap History (0 events):
No events

Deoptimization events (0 events):
No events

Classes redefined (0 events):
No events

Internal exceptions (0 events):
No events

Events (1 events):
Event: 0.004 Loaded shared library C:\Program Files\Android\Android Studio1\jre\bin\zip.dll


Dynamic libraries:
0x00007ff7bbce0000 - 0x00007ff7bbcea000 	C:\Program Files\Android\Android Studio1\jre\bin\java.exe
0x00007ff95ed10000 - 0x00007ff95ef08000 	C:\Windows\SYSTEM32\ntdll.dll
0x00007ff95e8f0000 - 0x00007ff95e9af000 	C:\Windows\System32\KERNEL32.DLL
0x00007ff95c6e0000 - 0x00007ff95c9b2000 	C:\Windows\System32\KERNELBASE.dll
0x00007ff95c4d0000 - 0x00007ff95c5d0000 	C:\Windows\System32\ucrtbase.dll
0x00007ff942360000 - 0x00007ff942377000 	C:\Program Files\Android\Android Studio1\jre\bin\VCRUNTIME140.dll
0x00007ff93b280000 - 0x00007ff93b299000 	C:\Program Files\Android\Android Studio1\jre\bin\jli.dll
0x00007ff95d470000 - 0x00007ff95d60d000 	C:\Windows\System32\USER32.dll
0x00007ff948b80000 - 0x00007ff948e1a000 	C:\Windows\WinSxS\amd64_microsoft.windows.common-controls_6595b64144ccf1df_6.0.19041.1110_none_60b5254171f9507e\COMCTL32.dll
0x00007ff95c410000 - 0x00007ff95c432000 	C:\Windows\System32\win32u.dll
0x00007ff95cd60000 - 0x00007ff95cd8b000 	C:\Windows\System32\GDI32.dll
0x00007ff95dbe0000 - 0x00007ff95dc7e000 	C:\Windows\System32\msvcrt.dll
0x00007ff95c5d0000 - 0x00007ff95c6df000 	C:\Windows\System32\gdi32full.dll
0x00007ff95ca60000 - 0x00007ff95cafd000 	C:\Windows\System32\msvcp_win.dll
0x00007ff95d430000 - 0x00007ff95d462000 	C:\Windows\System32\IMM32.DLL
0x00007ff937320000 - 0x00007ff9373bd000 	C:\Program Files\Android\Android Studio1\jre\bin\msvcp140.dll
0x00007ff938cc0000 - 0x00007ff9397c2000 	C:\Program Files\Android\Android Studio1\jre\bin\server\jvm.dll
0x00007ff95e9b0000 - 0x00007ff95ea5e000 	C:\Windows\System32\ADVAPI32.dll
0x00007ff95dc80000 - 0x00007ff95dd1c000 	C:\Windows\System32\sechost.dll
0x00007ff95d780000 - 0x00007ff95d8a5000 	C:\Windows\System32\RPCRT4.dll
0x00007ff95ea60000 - 0x00007ff95ea68000 	C:\Windows\System32\PSAPI.DLL
0x00007ff948f60000 - 0x00007ff948f69000 	C:\Windows\SYSTEM32\WSOCK32.dll
0x00007ff947400000 - 0x00007ff947427000 	C:\Windows\SYSTEM32\WINMM.dll
0x00007ff956e10000 - 0x00007ff956e1a000 	C:\Windows\SYSTEM32\VERSION.dll
0x00007ff95d8b0000 - 0x00007ff95d91b000 	C:\Windows\System32\WS2_32.dll
0x00007ff95a2d0000 - 0x00007ff95a2e2000 	C:\Windows\SYSTEM32\kernel.appcore.dll
0x00007ff94f870000 - 0x00007ff94f881000 	C:\Program Files\Android\Android Studio1\jre\bin\verify.dll
0x00007ff94a670000 - 0x00007ff94a854000 	C:\Windows\SYSTEM32\DBGHELP.DLL
0x00007ff94a8b0000 - 0x00007ff94a8dc000 	C:\Windows\SYSTEM32\dbgcore.DLL
0x00007ff95c440000 - 0x00007ff95c4c2000 	C:\Windows\System32\bcryptPrimitives.dll
0x00007ff94f840000 - 0x00007ff94f869000 	C:\Program Files\Android\Android Studio1\jre\bin\java.dll
0x00007ff94e080000 - 0x00007ff94e08b000 	C:\Program Files\Android\Android Studio1\jre\bin\jimage.dll
0x00007ff94e060000 - 0x00007ff94e078000 	C:\Program Files\Android\Android Studio1\jre\bin\zip.dll

dbghelp: loaded successfully - version: 4.0.5 - missing functions: none
symbol engine: initialized successfully - sym options: 0x614 - pdb path: .;C:\Program Files\Android\Android Studio1\jre\bin;C:\Windows\SYSTEM32;C:\Windows\WinSxS\amd64_microsoft.windows.common-controls_6595b64144ccf1df_6.0.19041.1110_none_60b5254171f9507e;C:\Program Files\Android\Android Studio1\jre\bin\server

VM Arguments:
java_command: git4idea.http.GitAskPassApp Username for 'https://github.com': 
java_class_path (initial): C:/Program Files/Android/Android Studio1/plugins/git4idea/lib/git4idea-rt.jar;C:/Program Files/Android/Android Studio1/lib/3rd-party.jar;C:/Program Files/Android/Android Studio1/lib/3rd-party-rt.jar
Launcher Type: SUN_STANDARD

[Global flags]
     intx CICompilerCount                          = 4                                         {product} {ergonomic}
     uint ConcGCThreads                            = 3                                         {product} {ergonomic}
     uint G1ConcRefinementThreads                  = 10                                        {product} {ergonomic}
   size_t G1HeapRegionSize                         = 1048576                                   {product} {ergonomic}
    uintx GCDrainStackTargetSize                   = 64                                        {product} {ergonomic}
   size_t InitialHeapSize                          = 266338304                                 {product} {ergonomic}
   size_t MarkStackSize                            = 4194304                                   {product} {ergonomic}
   size_t MaxHeapSize                              = 4238344192                                {product} {ergonomic}
   size_t MinHeapDeltaBytes                        = 1048576                                   {product} {ergonomic}
    uintx NonNMethodCodeHeapSize                   = 5836300                                {pd product} {ergonomic}
    uintx NonProfiledCodeHeapSize                  = 122910970                              {pd product} {ergonomic}
    uintx ProfiledCodeHeapSize                     = 122910970                              {pd product} {ergonomic}
    uintx ReservedCodeCacheSize                    = 251658240                              {pd product} {ergonomic}
     bool SegmentedCodeCache                       = true                                      {product} {ergonomic}
     bool UseCompressedClassPointers               = true                                 {lp64_product} {ergonomic}
     bool UseCompressedOops                        = true                                 {lp64_product} {ergonomic}
     bool UseG1GC                                  = true                                      {product} {ergonomic}
     bool UseLargePagesIndividualAllocation        = false                                  {pd product} {ergonomic}

Logging:
Log output configuration:
 #0: stdout all=warning uptime,level,tags
 #1: stderr all=off uptime,level,tags

Environment Variables:
PATH=C:\Program Files\Git\mingw64\libexec\git-core;C:\Program Files\Git\mingw64\libexec\git-core;C:\Program Files\Git\mingw64\bin;C:\Program Files\Git\usr\bin;C:\Users\Eloy\bin;C:\Program Files (x86)\Common Files\Oracle\Java\javapath;C:\Windows\system32;C:\Windows;C:\Windows\System32\Wbem;C:\Windows\System32\WindowsPowerShell\v1.0;C:\Windows\System32\OpenSSH;C:\Program Files\Git\cmd;C:\Program Files\dotnet;C:\TDM-GCC-64\bin;C:\Users\Eloy\AppData\Local\Microsoft\WindowsApps;C:\Users\Eloy\AppData\Local\Programs\Microsoft VS Code\bin
USERNAME=Eloy
DISPLAY=:0.0
LC_ALL=en_US.UTF-8
OS=Windows_NT
PROCESSOR_IDENTIFIER=Intel64 Family 6 Model 141 Stepping 1, GenuineIntel



---------------  S Y S T E M  ---------------

OS: Windows 10 , 64 bit Build 19041 (10.0.19041.2251)
OS uptime: 0 days 1:22 hours

CPU:total 12 (initial active 12) (6 cores per cpu, 2 threads per core) family 6 model 141 stepping 1 microcode 0x34, cmov, cx8, fxsr, mmx, sse, sse2, sse3, ssse3, sse4.1, sse4.2, popcnt, avx, avx2, aes, clmul, erms, 3dnowpref, lzcnt, ht, tsc, tscinvbit, bmi1, bmi2, adx, evex, sha, fma

Memory: 4k page, system-wide physical 16163M (4021M free)
TotalPageFile size 16163M (AvailPageFile size 256M)
current process WorkingSet (physical memory assigned to process): 10M, peak: 10M
current process commit charge ("private bytes"): 64M, peak: 318M

vm_info: OpenJDK 64-Bit Server VM (11.0.13+0-b1751.21-8125866) for windows-amd64 JRE (11.0.13+0-b1751.21-8125866), built on Feb  2 2022 03:00:22 by "builder" with MS VC++ 14.0 (VS2015)

END.
